  UnitTest1.cpp
C:\Users\User\source\repos\AP_Lab№11.3\AP_Lab№11.3\AP_Lab№11.3.cpp(34,52): warning C4003: not enough arguments for function-like macro invocation 'max'
  (compiling source file '/UnitTest1.cpp')
  
C:\Users\User\source\repos\AP_Lab№11.3\AP_Lab№11.3\AP_Lab№11.3.cpp(34,52): error C2589: '(': illegal token on right side of '::'
  (compiling source file '/UnitTest1.cpp')
  
C:\Users\User\source\repos\AP_Lab№11.3\AP_Lab№11.3\AP_Lab№11.3.cpp(34,24): error C2144: syntax error: 'unknown-type' should be preceded by ')'
  (compiling source file '/UnitTest1.cpp')
  
C:\Users\User\source\repos\AP_Lab№11.3\AP_Lab№11.3\AP_Lab№11.3.cpp(34,24): error C2144: syntax error: 'unknown-type' should be preceded by ';'
  (compiling source file '/UnitTest1.cpp')
  
C:\Users\User\source\repos\AP_Lab№11.3\AP_Lab№11.3\AP_Lab№11.3.cpp(34,52): error C2059: syntax error: ')'
  (compiling source file '/UnitTest1.cpp')
  
C:\Users\User\source\repos\AP_Lab№11.3\AP_Lab№11.3\AP_Lab№11.3.cpp(34,63): error C2059: syntax error: ')'
  (compiling source file '/UnitTest1.cpp')
  
C:\Users\User\source\repos\AP_Lab№11.3\AP_Lab№11.3\AP_Lab№11.3.cpp(38,48): warning C4003: not enough arguments for function-like macro invocation 'max'
  (compiling source file '/UnitTest1.cpp')
  
C:\Users\User\source\repos\AP_Lab№11.3\AP_Lab№11.3\AP_Lab№11.3.cpp(38,48): error C2589: '(': illegal token on right side of '::'
  (compiling source file '/UnitTest1.cpp')
  
C:\Users\User\source\repos\AP_Lab№11.3\AP_Lab№11.3\AP_Lab№11.3.cpp(38,20): error C2144: syntax error: 'unknown-type' should be preceded by ')'
  (compiling source file '/UnitTest1.cpp')
  
C:\Users\User\source\repos\AP_Lab№11.3\AP_Lab№11.3\AP_Lab№11.3.cpp(38,20): error C2144: syntax error: 'unknown-type' should be preceded by ';'
  (compiling source file '/UnitTest1.cpp')
  
C:\Users\User\source\repos\AP_Lab№11.3\AP_Lab№11.3\AP_Lab№11.3.cpp(38,48): error C2059: syntax error: ')'
  (compiling source file '/UnitTest1.cpp')
  
C:\Users\User\source\repos\AP_Lab№11.3\AP_Lab№11.3\AP_Lab№11.3.cpp(38,59): error C2059: syntax error: ')'
  (compiling source file '/UnitTest1.cpp')
  
C:\Users\User\source\repos\AP_Lab№11.3\AP_Lab№11.3\AP_Lab№11.3.cpp(187,48): warning C4003: not enough arguments for function-like macro invocation 'max'
  (compiling source file '/UnitTest1.cpp')
  
C:\Users\User\source\repos\AP_Lab№11.3\AP_Lab№11.3\AP_Lab№11.3.cpp(187,48): error C2589: '(': illegal token on right side of '::'
  (compiling source file '/UnitTest1.cpp')
  
C:\Users\User\source\repos\AP_Lab№11.3\AP_Lab№11.3\AP_Lab№11.3.cpp(187,20): error C2144: syntax error: 'unknown-type' should be preceded by ')'
  (compiling source file '/UnitTest1.cpp')
  
C:\Users\User\source\repos\AP_Lab№11.3\AP_Lab№11.3\AP_Lab№11.3.cpp(187,20): error C2144: syntax error: 'unknown-type' should be preceded by ';'
  (compiling source file '/UnitTest1.cpp')
  
C:\Users\User\source\repos\AP_Lab№11.3\AP_Lab№11.3\AP_Lab№11.3.cpp(187,48): error C2059: syntax error: ')'
  (compiling source file '/UnitTest1.cpp')
  
C:\Users\User\source\repos\AP_Lab№11.3\AP_Lab№11.3\AP_Lab№11.3.cpp(187,59): error C2059: syntax error: ')'
  (compiling source file '/UnitTest1.cpp')
  
C:\Users\User\source\repos\AP_Lab№11.3\UnitTest1\UnitTest1.cpp(33,36): error C3861: 'readProductsFromFile': identifier not found
  (compiling source file '/UnitTest1.cpp')
  
C:\Users\User\source\repos\AP_Lab№11.3\UnitTest1\UnitTest1.cpp(36,17): error C2665: 'Microsoft::VisualStudio::CppUnitTestFramework::Assert::AreEqual': no overloaded function could convert all the argument types
  (compiling source file '/UnitTest1.cpp')
      C:\Program Files\Microsoft Visual Studio\2022\Community\VC\Auxiliary\VS\UnitTest\include\CppUnitTestAssert.h(191,15):
      could be 'void Microsoft::VisualStudio::CppUnitTestFramework::Assert::AreEqual(const wchar_t *,const wchar_t *,bool,const wchar_t *,const Microsoft::VisualStudio::CppUnitTestFramework::__LineInfo *)'
          C:\Users\User\source\repos\AP_Lab№11.3\UnitTest1\UnitTest1.cpp(36,17):
          'void Microsoft::VisualStudio::CppUnitTestFramework::Assert::AreEqual(const wchar_t *,const wchar_t *,bool,const wchar_t *,const Microsoft::VisualStudio::CppUnitTestFramework::__LineInfo *)': cannot convert argument 1 from 'unsigned int' to 'const wchar_t *'
              C:\Users\User\source\repos\AP_Lab№11.3\UnitTest1\UnitTest1.cpp(36,26):
              Conversion from integral type to pointer type requires reinterpret_cast, C-style cast or parenthesized function-style cast
      C:\Program Files\Microsoft Visual Studio\2022\Community\VC\Auxiliary\VS\UnitTest\include\CppUnitTestAssert.h(172,15):
      or       'void Microsoft::VisualStudio::CppUnitTestFramework::Assert::AreEqual(const char *,const char *,bool,const wchar_t *,const Microsoft::VisualStudio::CppUnitTestFramework::__LineInfo *)'
          C:\Users\User\source\repos\AP_Lab№11.3\UnitTest1\UnitTest1.cpp(36,17):
          'void Microsoft::VisualStudio::CppUnitTestFramework::Assert::AreEqual(const char *,const char *,bool,const wchar_t *,const Microsoft::VisualStudio::CppUnitTestFramework::__LineInfo *)': cannot convert argument 1 from 'unsigned int' to 'const char *'
              C:\Users\User\source\repos\AP_Lab№11.3\UnitTest1\UnitTest1.cpp(36,26):
              Conversion from integral type to pointer type requires reinterpret_cast, C-style cast or parenthesized function-style cast
      C:\Program Files\Microsoft Visual Studio\2022\Community\VC\Auxiliary\VS\UnitTest\include\CppUnitTestAssert.h(139,36):
      or       'void Microsoft::VisualStudio::CppUnitTestFramework::Assert::AreEqual(const T &,const T &,const wchar_t *,const Microsoft::VisualStudio::CppUnitTestFramework::__LineInfo *)'
          C:\Users\User\source\repos\AP_Lab№11.3\UnitTest1\UnitTest1.cpp(36,17):
          'void Microsoft::VisualStudio::CppUnitTestFramework::Assert::AreEqual(const T &,const T &,const wchar_t *,const Microsoft::VisualStudio::CppUnitTestFramework::__LineInfo *)': template parameter 'T' is ambiguous
              C:\Users\User\source\repos\AP_Lab№11.3\UnitTest1\UnitTest1.cpp(36,17):
              could be 'unsigned __int64'
              C:\Users\User\source\repos\AP_Lab№11.3\UnitTest1\UnitTest1.cpp(36,17):
              or       'unsigned int'
          C:\Users\User\source\repos\AP_Lab№11.3\UnitTest1\UnitTest1.cpp(36,17):
          'void Microsoft::VisualStudio::CppUnitTestFramework::Assert::AreEqual(const T &,const T &,const wchar_t *,const Microsoft::VisualStudio::CppUnitTestFramework::__LineInfo *)': could not deduce template argument for 'const T &' from 'unsigned __int64'
      C:\Users\User\source\repos\AP_Lab№11.3\UnitTest1\UnitTest1.cpp(36,17):
      while trying to match the argument list '(unsigned int, unsigned __int64)'
  
C:\Users\User\source\repos\AP_Lab№11.3\UnitTest1\UnitTest1.cpp(52,41): error C3861: 'readProductsFromFile': identifier not found
  (compiling source file '/UnitTest1.cpp')
  
C:\Users\User\source\repos\AP_Lab№11.3\UnitTest1\UnitTest1.cpp(76,41): error C3861: 'readProductsFromFile': identifier not found
  (compiling source file '/UnitTest1.cpp')
  
