  AP_Lab№11.3.cpp
C:\Users\User\source\repos\AP_Lab№11.3\AP_Lab№11.3\AP_Lab№11.3.cpp(34,52): warning C4003: not enough arguments for function-like macro invocation 'max'
C:\Users\User\source\repos\AP_Lab№11.3\AP_Lab№11.3\AP_Lab№11.3.cpp(34,52): error C2589: '(': illegal token on right side of '::'
C:\Users\User\source\repos\AP_Lab№11.3\AP_Lab№11.3\AP_Lab№11.3.cpp(34,24): error C2144: syntax error: 'unknown-type' should be preceded by ')'
C:\Users\User\source\repos\AP_Lab№11.3\AP_Lab№11.3\AP_Lab№11.3.cpp(34,24): error C2144: syntax error: 'unknown-type' should be preceded by ';'
C:\Users\User\source\repos\AP_Lab№11.3\AP_Lab№11.3\AP_Lab№11.3.cpp(34,52): error C2059: syntax error: ')'
C:\Users\User\source\repos\AP_Lab№11.3\AP_Lab№11.3\AP_Lab№11.3.cpp(34,63): error C2059: syntax error: ')'
C:\Users\User\source\repos\AP_Lab№11.3\AP_Lab№11.3\AP_Lab№11.3.cpp(38,48): warning C4003: not enough arguments for function-like macro invocation 'max'
C:\Users\User\source\repos\AP_Lab№11.3\AP_Lab№11.3\AP_Lab№11.3.cpp(38,48): error C2589: '(': illegal token on right side of '::'
C:\Users\User\source\repos\AP_Lab№11.3\AP_Lab№11.3\AP_Lab№11.3.cpp(38,20): error C2144: syntax error: 'unknown-type' should be preceded by ')'
C:\Users\User\source\repos\AP_Lab№11.3\AP_Lab№11.3\AP_Lab№11.3.cpp(38,20): error C2144: syntax error: 'unknown-type' should be preceded by ';'
C:\Users\User\source\repos\AP_Lab№11.3\AP_Lab№11.3\AP_Lab№11.3.cpp(38,48): error C2059: syntax error: ')'
C:\Users\User\source\repos\AP_Lab№11.3\AP_Lab№11.3\AP_Lab№11.3.cpp(38,59): error C2059: syntax error: ')'
C:\Users\User\source\repos\AP_Lab№11.3\AP_Lab№11.3\AP_Lab№11.3.cpp(187,48): warning C4003: not enough arguments for function-like macro invocation 'max'
C:\Users\User\source\repos\AP_Lab№11.3\AP_Lab№11.3\AP_Lab№11.3.cpp(187,48): error C2589: '(': illegal token on right side of '::'
C:\Users\User\source\repos\AP_Lab№11.3\AP_Lab№11.3\AP_Lab№11.3.cpp(187,20): error C2144: syntax error: 'unknown-type' should be preceded by ')'
C:\Users\User\source\repos\AP_Lab№11.3\AP_Lab№11.3\AP_Lab№11.3.cpp(187,20): error C2144: syntax error: 'unknown-type' should be preceded by ';'
C:\Users\User\source\repos\AP_Lab№11.3\AP_Lab№11.3\AP_Lab№11.3.cpp(187,48): error C2059: syntax error: ')'
C:\Users\User\source\repos\AP_Lab№11.3\AP_Lab№11.3\AP_Lab№11.3.cpp(187,59): error C2059: syntax error: ')'
